2026-01-05 09:25:31,354 - WARNING - NLTK stopwords not available: 
**********************************************************************
  Resource [93mstopwords[0m not found.
  Please use the NLTK Downloader to obtain the resource:

  [31m>>> import nltk
  >>> nltk.download('stopwords')
  [0m
  For more information see: https://www.nltk.org/data.html

  Attempted to load [93mcorpora/stopwords[0m

  Searched in:
    - 'C:\\Users\\HP/nltk_data'
    - 'C:\\Users\\HP\\chatbot\\venv\\nltk_data'
    - 'C:\\Users\\HP\\chatbot\\venv\\share\\nltk_data'
    - 'C:\\Users\\HP\\chatbot\\venv\\lib\\nltk_data'
    - 'C:\\Users\\HP\\AppData\\Roaming\\nltk_data'
    - 'C:\\nltk_data'
    - 'D:\\nltk_data'
    - 'E:\\nltk_data'
**********************************************************************

2026-01-05 12:34:23,086 - WARNING - NLTK stopwords not available: 
**********************************************************************
  Resource [93mstopwords[0m not found.
  Please use the NLTK Downloader to obtain the resource:

  [31m>>> import nltk
  >>> nltk.download('stopwords')
  [0m
  For more information see: https://www.nltk.org/data.html

  Attempted to load [93mcorpora/stopwords[0m

  Searched in:
    - 'C:\\Users\\HP/nltk_data'
    - 'C:\\Users\\HP\\chatbot\\venv\\nltk_data'
    - 'C:\\Users\\HP\\chatbot\\venv\\share\\nltk_data'
    - 'C:\\Users\\HP\\chatbot\\venv\\lib\\nltk_data'
    - 'C:\\Users\\HP\\AppData\\Roaming\\nltk_data'
    - 'C:\\nltk_data'
    - 'D:\\nltk_data'
    - 'E:\\nltk_data'
**********************************************************************

2026-01-05 12:55:03,883 - WARNING - NLTK stopwords not available: 
**********************************************************************
  Resource [93mstopwords[0m not found.
  Please use the NLTK Downloader to obtain the resource:

  [31m>>> import nltk
  >>> nltk.download('stopwords')
  [0m
  For more information see: https://www.nltk.org/data.html

  Attempted to load [93mcorpora/stopwords[0m

  Searched in:
    - 'C:\\Users\\HP/nltk_data'
    - 'C:\\Users\\HP\\chatbot\\venv\\nltk_data'
    - 'C:\\Users\\HP\\chatbot\\venv\\share\\nltk_data'
    - 'C:\\Users\\HP\\chatbot\\venv\\lib\\nltk_data'
    - 'C:\\Users\\HP\\AppData\\Roaming\\nltk_data'
    - 'C:\\nltk_data'
    - 'D:\\nltk_data'
    - 'E:\\nltk_data'
**********************************************************************

2026-01-05 13:01:49,850 - INFO - Initialized DatasetProcessor with file: ../models/intents.json
2026-01-05 13:01:49,851 - INFO - Starting full dataset processing pipeline...
2026-01-05 13:01:49,852 - INFO - ============================================================
2026-01-05 13:01:49,852 - INFO - Loading dataset from ../models/intents.json
2026-01-05 13:01:49,854 - INFO - Dataset loaded and validated successfully
2026-01-05 13:01:49,855 - INFO - Metadata: {'version': '2.0-optimized', 'total_patterns': 850, 'total_intents': 14, 'date_created': '2024-01-15', 'description': 'Dataset chatbot akademik untuk ML dengan pola yang terstruktur', 'language': 'indonesian', 'categories': ['facilities', 'academic', 'administration', 'services']}
2026-01-05 13:01:49,855 - INFO - Processing 14 intents...
2026-01-05 13:01:49,906 - INFO - Saved processed intents: models/processed/intents_processed.json
2026-01-05 13:01:49,941 - INFO - Multiple formats saved in models/processed/
2026-01-05 13:01:49,943 - INFO - 
Advanced Distribution Analysis:
2026-01-05 13:01:49,943 - INFO - ============================================================
2026-01-05 13:01:49,944 - INFO -   asrama_mahasiswa            78 patterns ( 14.0%) |  1 responses
2026-01-05 13:01:49,945 - INFO -   bus_schedule                56 patterns ( 10.1%) |  1 responses
2026-01-05 13:01:49,945 - INFO -   canteen_food                51 patterns (  9.2%) |  1 responses
2026-01-05 13:01:49,946 - INFO -   facility_hours              48 patterns (  8.6%) |  1 responses
2026-01-05 13:01:49,946 - INFO -   lab_booking                 47 patterns (  8.5%) |  1 responses
2026-01-05 13:01:49,947 - INFO -   health_services             45 patterns (  8.1%) |  1 responses
2026-01-05 13:01:49,947 - INFO -   sks_dan_ipk                 35 patterns (  6.3%) |  1 responses
2026-01-05 13:01:49,948 - INFO -   layanan_perpustakaan_digital   35 patterns (  6.3%) |  1 responses
2026-01-05 13:01:49,948 - INFO -   krs_dan_kartu_rencana_studi   34 patterns (  6.1%) |  1 responses
2026-01-05 13:01:49,949 - INFO -   jadwal_kuliah               31 patterns (  5.6%) |  1 responses
2026-01-05 13:01:49,949 - INFO -   sport_facilities            25 patterns (  4.5%) |  1 responses
2026-01-05 13:01:49,950 - INFO -   kalender_akademik           25 patterns (  4.5%) |  1 responses
2026-01-05 13:01:49,950 - INFO -   parking_info                23 patterns (  4.1%) |  1 responses
2026-01-05 13:01:49,951 - INFO -   greeting                    23 patterns (  4.1%) |  1 responses
2026-01-05 13:01:49,951 - INFO - ============================================================
2026-01-05 13:01:49,952 - INFO -   Total: 556 patterns across 14 intents
2026-01-05 13:01:49,952 - INFO -   Imbalance Ratio: 3.39
2026-01-05 13:01:49,971 - INFO - Analysis report saved to reports/dataset_analysis.json
2026-01-05 13:01:49,971 - INFO - 
Creating data splits (test=0.15, val=0.15)...
2026-01-05 13:01:49,985 - INFO -    Training set:   388 samples (69.8%)
2026-01-05 13:01:49,986 - INFO -    Validation set: 84 samples (15.1%)
2026-01-05 13:01:49,986 - INFO -    Test set:       84 samples (15.1%)
2026-01-05 13:01:50,003 - INFO - All splits saved to models/processed/
2026-01-05 13:01:50,004 - INFO - 
============================================================
2026-01-05 13:01:50,004 - INFO - PROCESSING COMPLETE!
2026-01-05 13:01:50,005 - INFO - ============================================================
2026-01-05 13:01:50,006 - INFO - Total processing time: 0.15 seconds
2026-01-05 13:01:50,006 - INFO - Output saved in: models/processed/
2026-01-05 13:01:50,007 - INFO - Reports saved in: reports/
2026-01-05 13:01:50,007 - INFO - 
Next steps:
2026-01-05 13:01:50,008 - INFO -    1. Check quality metrics in reports/dataset_analysis.json
2026-01-05 13:01:50,009 - INFO -    2. Review potential issues in the analysis
2026-01-05 13:01:50,009 - INFO -    3. Run: python scripts/train_model.py
2026-01-05 13:01:50,010 - INFO -    4. Deploy your model!
