2026-01-05 12:50:25,377 - INFO - Initialized AdvancedChatbotTrainer with model type: ensemble
2026-01-05 12:51:00,520 - INFO - ============================================================
2026-01-05 12:51:00,625 - INFO - ============================================================
2026-01-05 12:53:18,675 - INFO - Initialized AdvancedChatbotTrainer with model type: ensemble
2026-01-05 12:53:33,367 - INFO - ============================================================
2026-01-05 12:53:33,376 - INFO - ============================================================
2026-01-05 13:02:10,599 - INFO - Initialized AdvancedChatbotTrainer with model type: ensemble
2026-01-05 13:02:40,378 - INFO - Initialized AdvancedChatbotTrainer with model type: ensemble
2026-01-05 13:02:46,613 - INFO - ============================================================
2026-01-05 13:02:46,623 - INFO - ============================================================
2026-01-05 13:02:46,680 - INFO -    Encoded 14 classes
2026-01-05 13:02:46,727 - INFO -    Training set:   389 samples
2026-01-05 13:02:46,727 - INFO -    Validation set: 83 samples
2026-01-05 13:02:46,728 - INFO -    Test set:       84 samples
2026-01-05 13:07:30,654 - INFO - Initialized AdvancedChatbotTrainer with model type: mlp
2026-01-05 13:07:30,655 - INFO - ============================================================
2026-01-05 13:07:30,656 - INFO - STARTING COMPREHENSIVE MODEL TRAINING
2026-01-05 13:07:30,656 - INFO - ============================================================
2026-01-05 13:07:30,657 - INFO - Loading data from models/processed/intents_processed.json
2026-01-05 13:07:30,658 - INFO - Loaded 556 patterns for 14 intents
2026-01-05 13:07:30,659 - INFO - Advanced preprocessing...
2026-01-05 13:07:30,665 - INFO - Encoding labels...
2026-01-05 13:07:30,667 - INFO -    Encoded 14 classes
2026-01-05 13:07:30,667 - INFO - Splitting data...
2026-01-05 13:07:30,675 - INFO -    Training set:   389 samples
2026-01-05 13:07:30,675 - INFO -    Validation set: 83 samples
2026-01-05 13:07:30,676 - INFO -    Test set:       84 samples
2026-01-05 13:07:30,676 - INFO - Creating vectorizers...
2026-01-05 13:07:30,677 - INFO - Created 2 vectorizers
2026-01-05 13:07:30,677 - INFO - Creating machine learning models...
2026-01-05 13:07:30,678 - INFO - Created 5 models
2026-01-05 13:07:30,678 - INFO - Training mlp...
2026-01-05 13:07:33,180 - ERROR - ERROR training mlp: Invalid format specifier '.3f if val_accuracy else 'N/A'' for object of type 'float'
2026-01-05 13:07:33,180 - INFO - Training random_forest...
2026-01-05 13:07:33,799 - ERROR - ERROR training random_forest: Invalid format specifier '.3f if val_accuracy else 'N/A'' for object of type 'float'
2026-01-05 13:07:33,800 - INFO - Training svm...
2026-01-05 13:07:33,957 - ERROR - ERROR training svm: Invalid format specifier '.3f if val_accuracy else 'N/A'' for object of type 'float'
2026-01-05 13:07:33,958 - INFO - Training logistic...
2026-01-05 13:07:34,027 - ERROR - ERROR training logistic: Invalid format specifier '.3f if val_accuracy else 'N/A'' for object of type 'float'
2026-01-05 13:07:34,028 - INFO - Training naive_bayes...
2026-01-05 13:07:34,047 - ERROR - ERROR training naive_bayes: Invalid format specifier '.3f if val_accuracy else 'N/A'' for object of type 'float'
2026-01-05 13:07:34,047 - INFO - 
BEST MODEL: None (Val Accuracy: 0.000)
2026-01-05 13:07:34,049 - INFO - Creating model comparison report...
2026-01-05 13:12:06,280 - INFO - Initialized AdvancedChatbotTrainer with model type: mlp
2026-01-05 13:12:06,281 - INFO - ============================================================
2026-01-05 13:12:06,281 - INFO - STARTING COMPREHENSIVE MODEL TRAINING
2026-01-05 13:12:06,282 - INFO - ============================================================
2026-01-05 13:12:06,282 - INFO - Loading data from models/processed/intents_processed.json
2026-01-05 13:12:06,285 - INFO - Loaded 556 patterns for 14 intents
2026-01-05 13:12:06,285 - INFO - Advanced preprocessing...
2026-01-05 13:12:06,293 - INFO - Encoding labels...
2026-01-05 13:12:06,295 - INFO -    Encoded 14 classes
2026-01-05 13:12:06,296 - INFO - Splitting data...
2026-01-05 13:12:06,305 - INFO -    Training set:   389 samples
2026-01-05 13:12:06,305 - INFO -    Validation set: 83 samples
2026-01-05 13:12:06,306 - INFO -    Test set:       84 samples
2026-01-05 13:12:06,306 - INFO - Creating vectorizers...
2026-01-05 13:12:06,307 - INFO - Created 2 vectorizers
2026-01-05 13:12:06,307 - INFO - Creating machine learning models...
2026-01-05 13:12:06,308 - INFO - Created 5 models
2026-01-05 13:12:06,308 - INFO - Training mlp...
2026-01-05 13:12:08,103 - INFO -    mlp: Train Accuracy = 1.000, Val Accuracy = 0.843, Time = 1.79s
2026-01-05 13:12:08,104 - INFO - Training random_forest...
2026-01-05 13:12:08,757 - INFO -    random_forest: Train Accuracy = 0.892, Val Accuracy = 0.723, Time = 0.47s
2026-01-05 13:12:08,757 - INFO - Training svm...
2026-01-05 13:12:08,918 - INFO -    svm: Train Accuracy = 0.997, Val Accuracy = 0.819, Time = 0.15s
2026-01-05 13:12:08,919 - INFO - Training logistic...
2026-01-05 13:12:09,093 - INFO -    logistic: Train Accuracy = 0.992, Val Accuracy = 0.819, Time = 0.17s
2026-01-05 13:12:09,094 - INFO - Training naive_bayes...
2026-01-05 13:12:09,107 - INFO -    naive_bayes: Train Accuracy = 0.979, Val Accuracy = 0.795, Time = 0.01s
2026-01-05 13:12:09,107 - INFO - 
BEST MODEL: mlp (Val Accuracy: 0.843)
2026-01-05 13:12:09,108 - INFO - Evaluating mlp...
2026-01-05 13:17:55,137 - INFO - Initialized AdvancedChatbotTrainer with model type: mlp
2026-01-05 13:17:55,137 - INFO - ============================================================
2026-01-05 13:17:55,138 - INFO - STARTING COMPREHENSIVE MODEL TRAINING
2026-01-05 13:17:55,138 - INFO - ============================================================
2026-01-05 13:17:55,139 - INFO - Loading data from models/processed/intents_processed.json
2026-01-05 13:17:55,140 - INFO - Loaded 556 patterns for 14 intents
2026-01-05 13:17:55,141 - INFO - Advanced preprocessing...
2026-01-05 13:17:55,147 - INFO - Encoding labels...
2026-01-05 13:17:55,149 - INFO -    Encoded 14 classes
2026-01-05 13:17:55,149 - INFO - Splitting data...
2026-01-05 13:17:55,156 - INFO -    Training set:   389 samples
2026-01-05 13:17:55,156 - INFO -    Validation set: 83 samples
2026-01-05 13:17:55,157 - INFO -    Test set:       84 samples
2026-01-05 13:17:55,157 - INFO - Creating vectorizers...
2026-01-05 13:17:55,158 - INFO - Created 2 vectorizers
2026-01-05 13:17:55,158 - INFO - Creating machine learning models...
2026-01-05 13:17:55,159 - INFO - Created 5 models
2026-01-05 13:17:55,159 - INFO - Training mlp...
2026-01-05 13:17:56,930 - INFO -    mlp: Train Accuracy = 1.000, Val Accuracy = 0.843, Time = 1.76s
2026-01-05 13:17:56,930 - INFO - Training random_forest...
2026-01-05 13:17:57,542 - INFO -    random_forest: Train Accuracy = 0.892, Val Accuracy = 0.723, Time = 0.43s
2026-01-05 13:17:57,542 - INFO - Training svm...
2026-01-05 13:17:57,734 - INFO -    svm: Train Accuracy = 0.997, Val Accuracy = 0.819, Time = 0.18s
2026-01-05 13:17:57,735 - INFO - Training logistic...
2026-01-05 13:17:57,927 - INFO -    logistic: Train Accuracy = 0.992, Val Accuracy = 0.819, Time = 0.19s
2026-01-05 13:17:57,928 - INFO - Training naive_bayes...
2026-01-05 13:17:57,940 - INFO -    naive_bayes: Train Accuracy = 0.979, Val Accuracy = 0.795, Time = 0.01s
2026-01-05 13:17:57,940 - INFO - 
BEST MODEL: mlp (Val Accuracy: 0.843)
2026-01-05 13:17:57,941 - INFO - Evaluating mlp...
2026-01-05 13:17:57,993 - INFO -    mlp Evaluation:
2026-01-05 13:17:57,994 - INFO -       Accuracy:  0.845
2026-01-05 13:17:57,995 - INFO -       Precision: 0.852
2026-01-05 13:17:57,995 - INFO -       Recall:    0.845
2026-01-05 13:17:57,996 - INFO -       F1-Score:  0.827
2026-01-05 13:17:57,996 - INFO - Saving best model: mlp
2026-01-05 13:17:58,041 - INFO -    Saved to: models/trained/model_joblib
2026-01-05 13:17:58,041 - INFO -    Model accuracy: 0.845
2026-01-05 13:17:58,044 - INFO - Creating model comparison report...
2026-01-05 13:17:58,045 - INFO - Evaluating mlp...
2026-01-05 13:17:58,070 - INFO -    mlp Evaluation:
2026-01-05 13:17:58,070 - INFO -       Accuracy:  0.845
2026-01-05 13:17:58,071 - INFO -       Precision: 0.852
2026-01-05 13:17:58,071 - INFO -       Recall:    0.845
2026-01-05 13:17:58,072 - INFO -       F1-Score:  0.827
2026-01-05 13:17:58,072 - INFO - Evaluating random_forest...
2026-01-05 13:17:58,179 - INFO -    random_forest Evaluation:
2026-01-05 13:17:58,180 - INFO -       Accuracy:  0.810
2026-01-05 13:17:58,180 - INFO -       Precision: 0.858
2026-01-05 13:17:58,180 - INFO -       Recall:    0.810
2026-01-05 13:17:58,181 - INFO -       F1-Score:  0.798
2026-01-05 13:17:58,181 - INFO - Evaluating svm...
2026-01-05 13:17:58,205 - INFO -    svm Evaluation:
2026-01-05 13:17:58,206 - INFO -       Accuracy:  0.869
2026-01-05 13:17:58,206 - INFO -       Precision: 0.854
2026-01-05 13:17:58,207 - INFO -       Recall:    0.869
2026-01-05 13:17:58,207 - INFO -       F1-Score:  0.854
2026-01-05 13:17:58,207 - INFO - Evaluating logistic...
2026-01-05 13:17:58,232 - INFO -    logistic Evaluation:
2026-01-05 13:17:58,232 - INFO -       Accuracy:  0.845
2026-01-05 13:17:58,233 - INFO -       Precision: 0.860
2026-01-05 13:17:58,233 - INFO -       Recall:    0.845
2026-01-05 13:17:58,234 - INFO -       F1-Score:  0.827
2026-01-05 13:17:58,234 - INFO - Evaluating naive_bayes...
2026-01-05 13:17:58,256 - INFO -    naive_bayes Evaluation:
2026-01-05 13:17:58,257 - INFO -       Accuracy:  0.833
2026-01-05 13:17:58,257 - INFO -       Precision: 0.805
2026-01-05 13:17:58,257 - INFO -       Recall:    0.833
2026-01-05 13:17:58,258 - INFO -       F1-Score:  0.798
2026-01-05 13:17:58,325 - INFO - Creating visualizations...
2026-01-05 13:17:59,134 - ERROR - ERROR creating visualizations: Can't find a usable init.tcl in the following directories: 
    C:/Users/HP/AppData/Local/Programs/Python/Python313/lib/tcl8.6 C:/lib/tcl8.6 C:/lib/tcl8.6 C:/library C:/library C:/tcl8.6.15/library C:/tcl8.6.15/library



This probably means that Tcl wasn't installed properly.

2026-01-05 13:17:59,135 - INFO - 
Training completed in 4.00 seconds
